<?xml version="1.0" encoding="UTF-8"?>
<!-- Generated by org.testng.reporters.JUnitReportReporter -->
<testsuite hostname="Lenovo-PC" failures="0" tests="8" name="com.testCases.TC001_Get_All_employees" time="0.087" errors="0" timestamp="20 May 2019 06:03:06 GMT" skipped="0">
  <testcase classname="com.testCases.TC001_Get_All_employees" name="checkResponseBody" time="0.055"/>
  <testcase classname="com.testCases.TC001_Get_All_employees" name="checkResponseTime" time="0.002"/>
  <testcase classname="com.testCases.TC001_Get_All_employees" name="checkContentEncoding" time="0.018"/>
  <testcase classname="com.testCases.TC001_Get_All_employees" name="checkContentType" time="0.004"/>
  <testcase classname="com.testCases.TC001_Get_All_employees" name="checkContentLength" time="0.004"/>
  <testcase classname="com.testCases.TC001_Get_All_employees" name="chekStatusCode" time="0.001"/>
  <testcase classname="com.testCases.TC001_Get_All_employees" name="checkServerType" time="0.001"/>
  <testcase classname="com.testCases.TC001_Get_All_employees" name="checkstatusLine" time="0.002"/>
</testsuite> <!-- com.testCases.TC001_Get_All_employees -->
