<?xml version="1.0" encoding="UTF-8"?>
<!-- Generated by org.testng.reporters.JUnitReportReporter -->
<testsuite hostname="Lenovo-PC" failures="0" tests="1" name="TC004_Print_Headers" time="2.657" errors="0" timestamp="17 May 2019 06:13:52 GMT" skipped="0">
  <testcase classname="TC004_Print_Headers" name="getAllHeaders" time="2.657"/>
</testsuite> <!-- TC004_Print_Headers -->
