<?xml version="1.0" encoding="UTF-8"?>
<!-- Generated by org.testng.reporters.JUnitReportReporter -->
<testsuite hostname="Lenovo-PC" failures="0" tests="1" name="TC001_GET_Request" time="2.511" errors="0" timestamp="17 May 2019 04:20:40 GMT" skipped="0">
  <testcase classname="TC001_GET_Request" name="getCountryName" time="2.511"/>
</testsuite> <!-- TC001_GET_Request -->
