<?xml version="1.0" encoding="UTF-8"?>
<!-- Generated by org.testng.reporters.JUnitReportReporter -->
<testsuite hostname="Lenovo-PC" failures="0" tests="1" name="TC005_GET_MethodBody" time="2.509" errors="0" timestamp="17 May 2019 06:37:08 GMT" skipped="0">
  <testcase classname="TC005_GET_MethodBody" name="verifyBody" time="2.509"/>
</testsuite> <!-- TC005_GET_MethodBody -->
