<?xml version="1.0" encoding="UTF-8"?>
<!-- Generated by org.testng.reporters.JUnitReportReporter -->
<testsuite hostname="Lenovo-PC" failures="0" tests="1" name="TC003_GET_Header" time="2.711" errors="0" timestamp="17 May 2019 05:51:00 GMT" skipped="0">
  <testcase classname="TC003_GET_Header" name="getVerifyHeader" time="2.711"/>
</testsuite> <!-- TC003_GET_Header -->
